<?xml version="1.0" encoding="UTF-8"?>
<!-- Generated by org.testng.reporters.JUnitReportReporter -->
<testsuite hostname="ForeVision" name="com.scripts.TestLoginPage" tests="1" failures="0" timestamp="10 Jan 2020 03:58:08 GMT" time="9.768" errors="0">
  <testcase name="testValidLogin" time="9.768" classname="com.scripts.TestLoginPage"/>
</testsuite> <!-- com.scripts.TestLoginPage -->
