<?xml version="1.0" encoding="UTF-8"?>
<!-- Generated by org.testng.reporters.JUnitReportReporter -->
<testsuite hostname="ForeVision" name="com.scripts.TestCreateCustPage" tests="1" failures="0" timestamp="10 Jan 2020 04:12:05 GMT" time="17.152" errors="0">
  <testcase name="createNewCust" time="17.152" classname="com.scripts.TestCreateCustPage"/>
</testsuite> <!-- com.scripts.TestCreateCustPage -->
