<?xml version="1.0" encoding="UTF-8"?>
<!-- Generated by org.testng.reporters.JUnitReportReporter -->
<testsuite hostname="ForeVision" name="com.scripts.TestCreateTask" tests="1" failures="0" timestamp="10 Jan 2020 05:30:12 GMT" time="34.792" errors="0">
  <testcase name="createTask" time="34.792" classname="com.scripts.TestCreateTask"/>
</testsuite> <!-- com.scripts.TestCreateTask -->
