<?xml version="1.0" encoding="UTF-8"?>
<!-- Generated by org.testng.reporters.JUnitReportReporter -->
<testsuite hostname="ForeVision" name="com.scripts.TestCreateProject" tests="1" failures="0" timestamp="10 Jan 2020 04:58:27 GMT" time="31.574" errors="0">
  <testcase name="createProject" time="31.574" classname="com.scripts.TestCreateProject"/>
</testsuite> <!-- com.scripts.TestCreateProject -->
