<?xml version="1.0" encoding="UTF-8"?>
<!-- Generated by org.testng.reporters.JUnitReportReporter -->
<testsuite hostname="ForeVision" name="com.scripts.TestInvalidLoginPage" tests="1" failures="0" timestamp="9 Jan 2020 17:35:34 GMT" time="16.945" errors="0">
  <testcase name="invalidLogin" time="16.945" classname="com.scripts.TestInvalidLoginPage"/>
</testsuite> <!-- com.scripts.TestInvalidLoginPage -->
