<?xml version="1.0" encoding="UTF-8"?>
<!-- Generated by org.testng.reporters.JUnitReportReporter -->
<testsuite hostname="ForeVision" name="Com.Actitime.Scripts.TestAddTasksPage" tests="1" failures="0" timestamp="2 Jan 2020 14:20:59 GMT" time="22.913" errors="0">
  <testcase name="addTaskToCust" time="22.913" classname="Com.Actitime.Scripts.TestAddTasksPage"/>
</testsuite> <!-- Com.Actitime.Scripts.TestAddTasksPage -->
