<?xml version="1.0" encoding="UTF-8"?>
<!-- Generated by org.testng.reporters.JUnitReportReporter -->
<testsuite hostname="ForeVision" name="Com.Actitime.Scripts.TestCreateNewProjectPage" tests="1" failures="0" timestamp="2 Jan 2020 14:20:59 GMT" time="14.617" errors="0">
  <testcase name="createNewProject" time="14.617" classname="Com.Actitime.Scripts.TestCreateNewProjectPage"/>
</testsuite> <!-- Com.Actitime.Scripts.TestCreateNewProjectPage -->
