<?xml version="1.0" encoding="UTF-8"?>
<!-- Generated by org.testng.reporters.JUnitReportReporter -->
<testsuite hostname="ForeVision" name="Com.Actitime.Scripts.testInvalidLoginPage1" tests="1" failures="0" timestamp="2 Jan 2020 14:20:59 GMT" time="17.385" errors="0">
  <testcase name="InvalidLogin" time="17.385" classname="Com.Actitime.Scripts.testInvalidLoginPage1"/>
</testsuite> <!-- Com.Actitime.Scripts.testInvalidLoginPage1 -->
