<?xml version="1.0" encoding="UTF-8"?>
<!-- Generated by org.testng.reporters.JUnitReportReporter -->
<testsuite hostname="ForeVision" name="Com.Actitime.Scripts.TestLoginPage1" tests="2" failures="0" timestamp="2 Jan 2020 14:23:32 GMT" time="36.253" errors="0">
  <testcase name="validLogin" time="16.087" classname="Com.Actitime.Scripts.TestLoginPage1"/>
  <testcase name="validLogin" time="20.166" classname="Com.Actitime.Scripts.TestLoginPage1"/>
</testsuite> <!-- Com.Actitime.Scripts.TestLoginPage1 -->
