<?xml version="1.0" encoding="UTF-8"?>
<!-- Generated by org.testng.reporters.JUnitReportReporter -->
<testsuite hostname="ForeVision" name="Com.Actitime.Scripts.TestCreateUsersPage" tests="1" failures="0" timestamp="28 Dec 2019 14:08:36 GMT" time="17.272" errors="0">
  <testcase name="createUser" time="17.272" classname="Com.Actitime.Scripts.TestCreateUsersPage"/>
</testsuite> <!-- Com.Actitime.Scripts.TestCreateUsersPage -->
