<?xml version="1.0" encoding="UTF-8"?>
<!-- Generated by org.testng.reporters.JUnitReportReporter -->
<testsuite hostname="ForeVision" name="practice.internet" tests="1" failures="0" timestamp="28 Dec 2019 09:07:33 GMT" time="18.390" errors="0">
  <testcase name="launchBrowser" time="18.390" classname="practice.internet"/>
</testsuite> <!-- practice.internet -->
