<?xml version="1.0" encoding="UTF-8"?>
<!-- Generated by org.testng.reporters.JUnitReportReporter -->
<testsuite hostname="ForeVision" name="Com.Actitime.Scripts.TestCreasteNewCustPage" tests="1" failures="0" timestamp="2 Jan 2020 14:20:59 GMT" time="13.834" errors="0">
  <testcase name="createNewCustomer" time="13.834" classname="Com.Actitime.Scripts.TestCreasteNewCustPage"/>
</testsuite> <!-- Com.Actitime.Scripts.TestCreasteNewCustPage -->
